<?xml version="1.0" encoding="UTF-8"?>
<testng-results ignored="0" total="2" passed="2" failed="0" skipped="0">
  <reporter-output>
  </reporter-output>
  <suite started-at="2021-07-24T11:11:16 CDT" name="Default suite" finished-at="2021-07-24T11:11:26 CDT" duration-ms="10700">
    <groups>
    </groups>
    <test started-at="2021-07-24T11:11:16 CDT" name="Default test" finished-at="2021-07-24T11:11:26 CDT" duration-ms="10700">
      <class name="learnTestng.TestNG1">
        <test-method is-config="true" signature="readConfig()[pri:0, instance:learnTestng.TestNG1@1cbb87f3]" started-at="2021-07-24T11:11:16 CDT" name="readConfig" finished-at="2021-07-24T11:11:16 CDT" duration-ms="11" status="PASS">
          <reporter-output>
          </reporter-output>
        </test-method> <!-- readConfig -->
        <test-method is-config="true" signature="launchBrowser()[pri:0, instance:learnTestng.TestNG1@1cbb87f3]" started-at="2021-07-24T11:11:16 CDT" name="launchBrowser" finished-at="2021-07-24T11:11:19 CDT" duration-ms="2927" status="PASS">
          <reporter-output>
          </reporter-output>
        </test-method> <!-- launchBrowser -->
        <test-method signature="loginTest()[pri:1, instance:learnTestng.TestNG1@1cbb87f3]" started-at="2021-07-24T11:11:19 CDT" name="loginTest" finished-at="2021-07-24T11:11:20 CDT" duration-ms="1735" status="PASS">
          <reporter-output>
          </reporter-output>
        </test-method> <!-- loginTest -->
        <test-method is-config="true" signature="launchBrowser()[pri:0, instance:learnTestng.TestNG1@1cbb87f3]" started-at="2021-07-24T11:11:21 CDT" name="launchBrowser" finished-at="2021-07-24T11:11:23 CDT" duration-ms="2498" status="PASS">
          <reporter-output>
          </reporter-output>
        </test-method> <!-- launchBrowser -->
        <test-method signature="addCustomer()[pri:2, instance:learnTestng.TestNG1@1cbb87f3]" started-at="2021-07-24T11:11:23 CDT" name="addCustomer" finished-at="2021-07-24T11:11:26 CDT" duration-ms="3477" status="PASS">
          <reporter-output>
          </reporter-output>
        </test-method> <!-- addCustomer -->
      </class> <!-- learnTestng.TestNG1 -->
    </test> <!-- Default test -->
  </suite> <!-- Default suite -->
</testng-results>
